<?xml version="1.0" encoding="UTF-8"?>
<!-- Generated by org.testng.reporters.JUnitReportReporter -->
<testsuite hostname="Sabas-MBP" failures="4" tests="6" name="cucumber.Options.TestRunner" time="3.287" errors="1" timestamp="2026-03-05T20:53:33 CET" skipped="0">
  <testcase classname="cucumber.Options.TestRunner" name="runScenario" time="0.342">
    <failure message="1 expectation failed.
Expected status code &lt;200&gt; but was &lt;400&gt;.
" type="java.lang.AssertionError">
      <![CDATA[java.lang.AssertionError: 1 expectation failed.
Expected status code <200> but was <400>.

at org.codehaus.groovy.vmplugin.v8.IndyInterface.fromCache(IndyInterface.java:344)
at io.restassured.internal.ResponseSpecificationImpl$HamcrestAssertionClosure.validate(ResponseSpecificationImpl.groovy:516)
at org.codehaus.groovy.vmplugin.v8.IndyInterface.fromCache(IndyInterface.java:344)
at io.restassured.internal.ResponseSpecificationImpl.validateResponseIfRequired(ResponseSpecificationImpl.groovy:714)
at org.codehaus.groovy.vmplugin.v8.IndyInterface.fromCache(IndyInterface.java:344)
at io.restassured.internal.ResponseSpecificationImpl.statusCode(ResponseSpecificationImpl.groovy:139)
at org.codehaus.groovy.vmplugin.v8.IndyInterface.fromCache(IndyInterface.java:344)
at io.restassured.internal.ResponseSpecificationImpl.statusCode(ResponseSpecificationImpl.groovy:147)
at io.restassured.internal.ValidatableResponseOptionsImpl.statusCode(ValidatableResponseOptionsImpl.java:89)
at stepDefinitions.patchBookingStepDefinitions.the_response_status_code_should_be(patchBookingStepDefinitions.java:73)
at ✽.the response status code should be 200(file:///Users/sabanaz/git/repository/RestAssuredFramework/src/test/java/features/patchBooking.feature:7)
]]>
    </failure>
  </testcase> <!-- runScenario -->
  <testcase classname="cucumber.Options.TestRunner" name="runScenario" time="0.585">
    <failure message="1 expectation failed.
Expected status code &lt;200&gt; but was &lt;400&gt;.
" type="java.lang.AssertionError">
      <![CDATA[java.lang.AssertionError: 1 expectation failed.
Expected status code <200> but was <400>.

at org.codehaus.groovy.vmplugin.v8.IndyInterface.fromCache(IndyInterface.java:344)
at io.restassured.internal.ResponseSpecificationImpl$HamcrestAssertionClosure.validate(ResponseSpecificationImpl.groovy:516)
at org.codehaus.groovy.vmplugin.v8.IndyInterface.fromCache(IndyInterface.java:344)
at io.restassured.internal.ResponseSpecificationImpl.validateResponseIfRequired(ResponseSpecificationImpl.groovy:714)
at org.codehaus.groovy.vmplugin.v8.IndyInterface.fromCache(IndyInterface.java:344)
at io.restassured.internal.ResponseSpecificationImpl.statusCode(ResponseSpecificationImpl.groovy:139)
at org.codehaus.groovy.vmplugin.v8.IndyInterface.fromCache(IndyInterface.java:344)
at io.restassured.internal.ResponseSpecificationImpl.statusCode(ResponseSpecificationImpl.groovy:147)
at io.restassured.internal.ValidatableResponseOptionsImpl.statusCode(ValidatableResponseOptionsImpl.java:89)
at stepDefinitions.UpdateBookingStepDefinitions.the_booking_is_updated_and_response_code_is(UpdateBookingStepDefinitions.java:70)
at ✽.the booking is updated and response code is 200(file:///Users/sabanaz/git/repository/RestAssuredFramework/src/test/java/features/updateBooking.feature:7)
]]>
    </failure>
  </testcase> <!-- runScenario -->
  <testcase classname="cucumber.Options.TestRunner" name="runScenario" time="0.198"/>
  <testcase classname="cucumber.Options.TestRunner" name="runScenario" time="0.713">
    <failure message="1 expectation failed.
Expected status code &lt;200&gt; but was &lt;404&gt;.
" type="java.lang.AssertionError">
      <![CDATA[java.lang.AssertionError: 1 expectation failed.
Expected status code <200> but was <404>.

at org.codehaus.groovy.vmplugin.v8.IndyInterface.fromCache(IndyInterface.java:344)
at io.restassured.internal.ResponseSpecificationImpl$HamcrestAssertionClosure.validate(ResponseSpecificationImpl.groovy:516)
at org.codehaus.groovy.vmplugin.v8.IndyInterface.fromCache(IndyInterface.java:344)
at io.restassured.internal.ResponseSpecificationImpl.validateResponseIfRequired(ResponseSpecificationImpl.groovy:714)
at org.codehaus.groovy.vmplugin.v8.IndyInterface.fromCache(IndyInterface.java:344)
at io.restassured.internal.ResponseSpecificationImpl.statusCode(ResponseSpecificationImpl.groovy:139)
at org.codehaus.groovy.vmplugin.v8.IndyInterface.fromCache(IndyInterface.java:344)
at io.restassured.internal.ResponseSpecificationImpl.statusCode(ResponseSpecificationImpl.groovy:147)
at io.restassured.internal.ValidatableResponseOptionsImpl.statusCode(ValidatableResponseOptionsImpl.java:89)
at stepDefinitions.deleteBookingStepDefinition.the_booking_exists_with_id(deleteBookingStepDefinition.java:37)
at ✽.the booking exists with id 14(file:///Users/sabanaz/git/repository/RestAssuredFramework/src/test/java/features/deleteBooking.feature:4)
]]>
    </failure>
  </testcase> <!-- runScenario -->
  <testcase classname="cucumber.Options.TestRunner" name="runScenario" time="0.071">
    <error message="Cannot invoke &quot;io.restassured.response.Response.asString()&quot; because &quot;this.getResponse&quot; is null" type="java.lang.NullPointerException">
      <![CDATA[java.lang.NullPointerException: Cannot invoke "io.restassured.response.Response.asString()" because "this.getResponse" is null
at stepDefinitions.GetBookingStepDefinitions.user_sends_get_request_to_retrieve_booking(GetBookingStepDefinitions.java:93)
at ✽.User sends GET request to retrieve booking(file:///Users/sabanaz/git/repository/RestAssuredFramework/src/test/java/features/getBooking.feature:10)
]]>
    </error>
  </testcase> <!-- runScenario -->
  <testcase classname="cucumber.Options.TestRunner" name="runScenario" time="1.378">
    <failure message="1 expectation failed.
Expected status code &lt;200&gt; but was &lt;409&gt;.
" type="java.lang.AssertionError">
      <![CDATA[java.lang.AssertionError: 1 expectation failed.
Expected status code <200> but was <409>.

at org.codehaus.groovy.vmplugin.v8.IndyInterface.fromCache(IndyInterface.java:344)
at io.restassured.internal.ResponseSpecificationImpl$HamcrestAssertionClosure.validate(ResponseSpecificationImpl.groovy:516)
at org.codehaus.groovy.vmplugin.v8.IndyInterface.fromCache(IndyInterface.java:344)
at io.restassured.internal.ResponseSpecificationImpl.validateResponseIfRequired(ResponseSpecificationImpl.groovy:714)
at org.codehaus.groovy.vmplugin.v8.IndyInterface.fromCache(IndyInterface.java:344)
at io.restassured.internal.ResponseSpecificationImpl.statusCode(ResponseSpecificationImpl.groovy:139)
at org.codehaus.groovy.vmplugin.v8.IndyInterface.fromCache(IndyInterface.java:344)
at io.restassured.internal.ResponseSpecificationImpl.statusCode(ResponseSpecificationImpl.groovy:147)
at io.restassured.internal.ValidatableResponseOptionsImpl.statusCode(ValidatableResponseOptionsImpl.java:89)
at stepDefinitions.createBookingStepDefinition.the_response_should_contain_booking_id_with_status_code(createBookingStepDefinition.java:53)
at ✽.the response should contain booking id with status code 201(file:///Users/sabanaz/git/repository/RestAssuredFramework/src/test/java/features/createBooking.feature:6)
]]>
    </failure>
  </testcase> <!-- runScenario -->
</testsuite> <!-- cucumber.Options.TestRunner -->
