<?xml version="1.0" encoding="UTF-8"?>
<testng-results ignored="0" total="1" passed="1" failed="0" skipped="0">
  <reporter-output>
  </reporter-output>
  <suite started-at="2026-03-03T20:47:01 CET" name="Default suite" finished-at="2026-03-03T20:47:03 CET" duration-ms="1865">
    <groups>
      <group name="cucumber">
        <method signature="AbstractTestNGCucumberTests.runScenario(io.cucumber.testng.PickleWrapper,io.cucumber.testng.FeatureWrapper)[pri:0, instance:cucumber.Options.TestRunner@7c7a06ec]" name="runScenario" class="io.cucumber.testng.AbstractTestNGCucumberTests"/>
      </group> <!-- cucumber -->
    </groups>
    <test started-at="2026-03-03T20:47:01 CET" name="Default test" finished-at="2026-03-03T20:47:03 CET" duration-ms="1865">
      <class name="cucumber.Options.TestRunner">
        <test-method is-config="true" signature="setUpClass(org.testng.ITestContext)[pri:0, instance:cucumber.Options.TestRunner@7c7a06ec]" started-at="2026-03-03T20:47:01 CET" name="setUpClass" finished-at="2026-03-03T20:47:02 CET" duration-ms="126" status="PASS">
          <params>
            <param index="0">
              <value>
                <![CDATA[org.testng.TestRunner@460f1cdb]]>
              </value>
            </param>
          </params>
          <reporter-output>
          </reporter-output>
        </test-method> <!-- setUpClass -->
        <test-method signature="runScenario(io.cucumber.testng.PickleWrapper,io.cucumber.testng.FeatureWrapper)[pri:0, instance:cucumber.Options.TestRunner@7c7a06ec]" started-at="2026-03-03T20:47:02 CET" name="runScenario" description="Runs Cucumber Scenarios" data-provider="scenarios" finished-at="2026-03-03T20:47:03 CET" duration-ms="1711" status="PASS">
          <params>
            <param index="0">
              <value>
                <![CDATA["Retrieve an existing booking"]]>
              </value>
            </param>
            <param index="1">
              <value>
                <![CDATA["Validate Booking API"]]>
              </value>
            </param>
          </params>
          <reporter-output>
          </reporter-output>
        </test-method> <!-- runScenario -->
        <test-method is-config="true" signature="tearDownClass()[pri:0, instance:cucumber.Options.TestRunner@7c7a06ec]" started-at="2026-03-03T20:47:03 CET" name="tearDownClass" finished-at="2026-03-03T20:47:03 CET" duration-ms="18" status="PASS">
          <reporter-output>
          </reporter-output>
        </test-method> <!-- tearDownClass -->
      </class> <!-- cucumber.Options.TestRunner -->
    </test> <!-- Default test -->
  </suite> <!-- Default suite -->
</testng-results>
